<?xml version="1.0" encoding="UTF-8"?>
<!-- Generated by org.testng.reporters.JUnitReportReporter -->
<testsuite skipped="0" hostname="DESKTOP-C59OA70" name="com.training.sanity.tests.InvalidCredUNF_031" tests="1" failures="0" timestamp="30 Oct 2019 07:17:11 GMT" time="17.309" errors="0">
  <testcase name="ForgotpwdTest" time="17.309" classname="com.training.sanity.tests.InvalidCredUNF_031"/>
</testsuite> <!-- com.training.sanity.tests.InvalidCredUNF_031 -->
