<?xml version="1.0" encoding="UTF-8"?>
<!-- Generated by org.testng.reporters.JUnitReportReporter -->
<testsuite skipped="0" hostname="DESKTOP-C59OA70" name="com.training.sanity.tests.ForgotPwdUFM_003" tests="1" failures="0" timestamp="24 Oct 2019 09:08:49 GMT" time="16.351" errors="0">
  <testcase name="ForgotpwdTest" time="16.351" classname="com.training.sanity.tests.ForgotPwdUFM_003"/>
</testsuite> <!-- com.training.sanity.tests.ForgotPwdUFM_003 -->
