<?xml version="1.0" encoding="UTF-8"?>
<!-- Generated by org.testng.reporters.JUnitReportReporter -->
<testsuite skipped="0" hostname="DESKTOP-C59OA70" name="com.training.sanity.tests.ProductCheckUFM_32" tests="1" failures="0" timestamp="30 Oct 2019 11:18:19 GMT" time="19.593" errors="0">
  <testcase name="CheckProduct" time="19.593" classname="com.training.sanity.tests.ProductCheckUFM_32"/>
</testsuite> <!-- com.training.sanity.tests.ProductCheckUFM_32 -->
