<?xml version="1.0" encoding="UTF-8"?>
<!-- Generated by org.testng.reporters.JUnitReportReporter -->
<testsuite skipped="0" hostname="DESKTOP-C59OA70" name="com.training.sanity.tests.ELearningRegistrationUFM_001" tests="1" failures="0" timestamp="24 Oct 2019 05:08:53 GMT" time="17.832" errors="0">
  <testcase name="ClickMyAccount" time="17.832" classname="com.training.sanity.tests.ELearningRegistrationUFM_001"/>
</testsuite> <!-- com.training.sanity.tests.ELearningRegistrationUFM_001 -->
