<?xml version="1.0" encoding="UTF-8"?>
<!-- Generated by org.testng.reporters.JUnitReportReporter -->
<testsuite skipped="0" hostname="DESKTOP-C59OA70" name="com.training.sanity.tests.LoginTests" tests="1" failures="0" timestamp="23 Oct 2019 14:49:57 GMT" time="18.902" errors="0">
  <testcase name="validLoginTest" time="18.902" classname="com.training.sanity.tests.LoginTests"/>
</testsuite> <!-- com.training.sanity.tests.LoginTests -->
